{"C:\\Users\\user\\Desktop\\andela projects\\express-ts\\dist\\server.js": {"path":"C:\\Users\\user\\Desktop\\andela projects\\express-ts\\dist\\server.js","statementMap":{"0":{"start":{"line":2,"column":22},"end":{"line":4,"column":1}},"1":{"start":{"line":3,"column":4},"end":{"line":3,"column":62}},"2":{"start":{"line":5,"column":0},"end":{"line":5,"column":62}},"3":{"start":{"line":6,"column":18},"end":{"line":6,"column":53}},"4":{"start":{"line":7,"column":22},"end":{"line":7,"column":61}},"5":{"start":{"line":8,"column":24},"end":{"line":8,"column":65}},"6":{"start":{"line":9,"column":22},"end":{"line":9,"column":61}},"7":{"start":{"line":10,"column":15},"end":{"line":10,"column":47}},"8":{"start":{"line":11,"column":26},"end":{"line":11,"column":83}},"9":{"start":{"line":12,"column":27},"end":{"line":12,"column":85}},"10":{"start":{"line":13,"column":12},"end":{"line":13,"column":36}},"11":{"start":{"line":14,"column":0},"end":{"line":16,"column":4}},"12":{"start":{"line":17,"column":0},"end":{"line":17,"column":38}},"13":{"start":{"line":18,"column":0},"end":{"line":18,"column":40}},"14":{"start":{"line":19,"column":0},"end":{"line":19,"column":38}},"15":{"start":{"line":20,"column":0},"end":{"line":22,"column":3}},"16":{"start":{"line":21,"column":4},"end":{"line":21,"column":66}},"17":{"start":{"line":24,"column":0},"end":{"line":24,"column":58}},"18":{"start":{"line":25,"column":0},"end":{"line":25,"column":52}},"19":{"start":{"line":26,"column":0},"end":{"line":26,"column":48}},"20":{"start":{"line":27,"column":0},"end":{"line":27,"column":55}},"21":{"start":{"line":28,"column":0},"end":{"line":28,"column":54}},"22":{"start":{"line":29,"column":0},"end":{"line":29,"column":63}},"23":{"start":{"line":30,"column":0},"end":{"line":30,"column":53}},"24":{"start":{"line":32,"column":0},"end":{"line":32,"column":59}},"25":{"start":{"line":33,"column":0},"end":{"line":33,"column":49}},"26":{"start":{"line":34,"column":0},"end":{"line":34,"column":56}},"27":{"start":{"line":35,"column":0},"end":{"line":35,"column":55}},"28":{"start":{"line":36,"column":0},"end":{"line":36,"column":65}},"29":{"start":{"line":37,"column":0},"end":{"line":37,"column":53}},"30":{"start":{"line":38,"column":0},"end":{"line":38,"column":22}}},"fnMap":{"0":{"name":"(anonymous_0)","decl":{"start":{"line":2,"column":56},"end":{"line":2,"column":57}},"loc":{"start":{"line":2,"column":71},"end":{"line":4,"column":1}},"line":2},"1":{"name":"(anonymous_1)","decl":{"start":{"line":20,"column":13},"end":{"line":20,"column":14}},"loc":{"start":{"line":20,"column":27},"end":{"line":22,"column":1}},"line":20}},"branchMap":{"0":{"loc":{"start":{"line":2,"column":22},"end":{"line":4,"column":1}},"type":"binary-expr","locations":[{"start":{"line":2,"column":23},"end":{"line":2,"column":27}},{"start":{"line":2,"column":31},"end":{"line":2,"column":51}},{"start":{"line":2,"column":56},"end":{"line":4,"column":1}}],"line":2},"1":{"loc":{"start":{"line":3,"column":11},"end":{"line":3,"column":61}},"type":"cond-expr","locations":[{"start":{"line":3,"column":37},"end":{"line":3,"column":40}},{"start":{"line":3,"column":43},"end":{"line":3,"column":61}}],"line":3},"2":{"loc":{"start":{"line":3,"column":12},"end":{"line":3,"column":33}},"type":"binary-expr","locations":[{"start":{"line":3,"column":12},"end":{"line":3,"column":15}},{"start":{"line":3,"column":19},"end":{"line":3,"column":33}}],"line":3}},"s":{"0":1,"1":7,"2":1,"3":1,"4":1,"5":1,"6":1,"7":1,"8":1,"9":1,"10":1,"11":1,"12":1,"13":1,"14":1,"15":1,"16":3,"17":1,"18":1,"19":1,"20":1,"21":1,"22":1,"23":1,"24":1,"25":1,"26":1,"27":1,"28":1,"29":1,"30":1},"f":{"0":7,"1":3},"b":{"0":[1,1,1],"1":[2,5],"2":[7,7]},"inputSourceMap":null,"_coverageSchema":"1a1c01bbd47fc00a2c39e90264f33305004495a9","hash":"d0927c196ebcd736de51314c11edfaf802f7e666"}
,"C:\\Users\\user\\Desktop\\andela projects\\express-ts\\dist\\controllers\\blogsControllers.js": {"path":"C:\\Users\\user\\Desktop\\andela projects\\express-ts\\dist\\controllers\\blogsControllers.js","statementMap":{"0":{"start":{"line":2,"column":16},"end":{"line":10,"column":1}},"1":{"start":{"line":3,"column":28},"end":{"line":3,"column":110}},"2":{"start":{"line":3,"column":91},"end":{"line":3,"column":106}},"3":{"start":{"line":4,"column":4},"end":{"line":9,"column":7}},"4":{"start":{"line":5,"column":36},"end":{"line":5,"column":97}},"5":{"start":{"line":5,"column":42},"end":{"line":5,"column":70}},"6":{"start":{"line":5,"column":85},"end":{"line":5,"column":95}},"7":{"start":{"line":6,"column":35},"end":{"line":6,"column":100}},"8":{"start":{"line":6,"column":41},"end":{"line":6,"column":73}},"9":{"start":{"line":6,"column":88},"end":{"line":6,"column":98}},"10":{"start":{"line":7,"column":32},"end":{"line":7,"column":116}},"11":{"start":{"line":8,"column":8},"end":{"line":8,"column":78}},"12":{"start":{"line":11,"column":0},"end":{"line":11,"column":62}},"13":{"start":{"line":12,"column":16},"end":{"line":12,"column":41}},"14":{"start":{"line":13,"column":25},"end":{"line":13,"column":59}},"15":{"start":{"line":14,"column":23},"end":{"line":14,"column":55}},"16":{"start":{"line":17,"column":8},"end":{"line":26,"column":11}},"17":{"start":{"line":18,"column":62},"end":{"line":18,"column":70}},"18":{"start":{"line":19,"column":25},"end":{"line":19,"column":93}},"19":{"start":{"line":20,"column":12},"end":{"line":25,"column":13}},"20":{"start":{"line":21,"column":16},"end":{"line":21,"column":92}},"21":{"start":{"line":24,"column":16},"end":{"line":24,"column":86}},"22":{"start":{"line":29,"column":8},"end":{"line":37,"column":11}},"23":{"start":{"line":30,"column":25},"end":{"line":30,"column":50}},"24":{"start":{"line":31,"column":12},"end":{"line":36,"column":13}},"25":{"start":{"line":32,"column":16},"end":{"line":32,"column":110}},"26":{"start":{"line":35,"column":16},"end":{"line":35,"column":85}},"27":{"start":{"line":40,"column":8},"end":{"line":49,"column":11}},"28":{"start":{"line":41,"column":27},"end":{"line":41,"column":40}},"29":{"start":{"line":42,"column":25},"end":{"line":42,"column":60}},"30":{"start":{"line":43,"column":12},"end":{"line":48,"column":13}},"31":{"start":{"line":44,"column":16},"end":{"line":44,"column":90}},"32":{"start":{"line":47,"column":16},"end":{"line":47,"column":84}},"33":{"start":{"line":52,"column":8},"end":{"line":61,"column":11}},"34":{"start":{"line":53,"column":27},"end":{"line":53,"column":40}},"35":{"start":{"line":54,"column":25},"end":{"line":54,"column":94}},"36":{"start":{"line":55,"column":12},"end":{"line":60,"column":13}},"37":{"start":{"line":56,"column":16},"end":{"line":56,"column":92}},"38":{"start":{"line":59,"column":16},"end":{"line":59,"column":86}},"39":{"start":{"line":64,"column":8},"end":{"line":73,"column":11}},"40":{"start":{"line":65,"column":27},"end":{"line":65,"column":40}},"41":{"start":{"line":66,"column":25},"end":{"line":66,"column":69}},"42":{"start":{"line":67,"column":12},"end":{"line":72,"column":13}},"43":{"start":{"line":68,"column":16},"end":{"line":68,"column":105}},"44":{"start":{"line":71,"column":16},"end":{"line":71,"column":86}},"45":{"start":{"line":76,"column":8},"end":{"line":84,"column":11}},"46":{"start":{"line":77,"column":25},"end":{"line":77,"column":56}},"47":{"start":{"line":78,"column":12},"end":{"line":83,"column":13}},"48":{"start":{"line":79,"column":16},"end":{"line":79,"column":87}},"49":{"start":{"line":82,"column":16},"end":{"line":82,"column":87}},"50":{"start":{"line":87,"column":0},"end":{"line":87,"column":33}}},"fnMap":{"0":{"name":"(anonymous_0)","decl":{"start":{"line":2,"column":44},"end":{"line":2,"column":45}},"loc":{"start":{"line":2,"column":89},"end":{"line":10,"column":1}},"line":2},"1":{"name":"adopt","decl":{"start":{"line":3,"column":13},"end":{"line":3,"column":18}},"loc":{"start":{"line":3,"column":26},"end":{"line":3,"column":112}},"line":3},"2":{"name":"(anonymous_2)","decl":{"start":{"line":3,"column":70},"end":{"line":3,"column":71}},"loc":{"start":{"line":3,"column":89},"end":{"line":3,"column":108}},"line":3},"3":{"name":"(anonymous_3)","decl":{"start":{"line":4,"column":36},"end":{"line":4,"column":37}},"loc":{"start":{"line":4,"column":63},"end":{"line":9,"column":5}},"line":4},"4":{"name":"fulfilled","decl":{"start":{"line":5,"column":17},"end":{"line":5,"column":26}},"loc":{"start":{"line":5,"column":34},"end":{"line":5,"column":99}},"line":5},"5":{"name":"rejected","decl":{"start":{"line":6,"column":17},"end":{"line":6,"column":25}},"loc":{"start":{"line":6,"column":33},"end":{"line":6,"column":102}},"line":6},"6":{"name":"step","decl":{"start":{"line":7,"column":17},"end":{"line":7,"column":21}},"loc":{"start":{"line":7,"column":30},"end":{"line":7,"column":118}},"line":7},"7":{"name":"(anonymous_7)","decl":{"start":{"line":16,"column":4},"end":{"line":16,"column":5}},"loc":{"start":{"line":16,"column":32},"end":{"line":27,"column":5}},"line":16},"8":{"name":"(anonymous_8)","decl":{"start":{"line":17,"column":47},"end":{"line":17,"column":48}},"loc":{"start":{"line":17,"column":60},"end":{"line":26,"column":9}},"line":17},"9":{"name":"(anonymous_9)","decl":{"start":{"line":28,"column":4},"end":{"line":28,"column":5}},"loc":{"start":{"line":28,"column":33},"end":{"line":38,"column":5}},"line":28},"10":{"name":"(anonymous_10)","decl":{"start":{"line":29,"column":47},"end":{"line":29,"column":48}},"loc":{"start":{"line":29,"column":60},"end":{"line":37,"column":9}},"line":29},"11":{"name":"(anonymous_11)","decl":{"start":{"line":39,"column":4},"end":{"line":39,"column":5}},"loc":{"start":{"line":39,"column":29},"end":{"line":50,"column":5}},"line":39},"12":{"name":"(anonymous_12)","decl":{"start":{"line":40,"column":47},"end":{"line":40,"column":48}},"loc":{"start":{"line":40,"column":60},"end":{"line":49,"column":9}},"line":40},"13":{"name":"(anonymous_13)","decl":{"start":{"line":51,"column":4},"end":{"line":51,"column":5}},"loc":{"start":{"line":51,"column":32},"end":{"line":62,"column":5}},"line":51},"14":{"name":"(anonymous_14)","decl":{"start":{"line":52,"column":47},"end":{"line":52,"column":48}},"loc":{"start":{"line":52,"column":60},"end":{"line":61,"column":9}},"line":52},"15":{"name":"(anonymous_15)","decl":{"start":{"line":63,"column":4},"end":{"line":63,"column":5}},"loc":{"start":{"line":63,"column":32},"end":{"line":74,"column":5}},"line":63},"16":{"name":"(anonymous_16)","decl":{"start":{"line":64,"column":47},"end":{"line":64,"column":48}},"loc":{"start":{"line":64,"column":60},"end":{"line":73,"column":9}},"line":64},"17":{"name":"(anonymous_17)","decl":{"start":{"line":75,"column":4},"end":{"line":75,"column":5}},"loc":{"start":{"line":75,"column":36},"end":{"line":85,"column":5}},"line":75},"18":{"name":"(anonymous_18)","decl":{"start":{"line":76,"column":47},"end":{"line":76,"column":48}},"loc":{"start":{"line":76,"column":60},"end":{"line":84,"column":9}},"line":76}},"branchMap":{"0":{"loc":{"start":{"line":2,"column":16},"end":{"line":10,"column":1}},"type":"binary-expr","locations":[{"start":{"line":2,"column":17},"end":{"line":2,"column":21}},{"start":{"line":2,"column":25},"end":{"line":2,"column":39}},{"start":{"line":2,"column":44},"end":{"line":10,"column":1}}],"line":2},"1":{"loc":{"start":{"line":3,"column":35},"end":{"line":3,"column":109}},"type":"cond-expr","locations":[{"start":{"line":3,"column":56},"end":{"line":3,"column":61}},{"start":{"line":3,"column":64},"end":{"line":3,"column":109}}],"line":3},"2":{"loc":{"start":{"line":4,"column":16},"end":{"line":4,"column":34}},"type":"binary-expr","locations":[{"start":{"line":4,"column":16},"end":{"line":4,"column":17}},{"start":{"line":4,"column":22},"end":{"line":4,"column":33}}],"line":4},"3":{"loc":{"start":{"line":7,"column":32},"end":{"line":7,"column":115}},"type":"cond-expr","locations":[{"start":{"line":7,"column":46},"end":{"line":7,"column":67}},{"start":{"line":7,"column":70},"end":{"line":7,"column":115}}],"line":7},"4":{"loc":{"start":{"line":8,"column":51},"end":{"line":8,"column":67}},"type":"binary-expr","locations":[{"start":{"line":8,"column":51},"end":{"line":8,"column":61}},{"start":{"line":8,"column":65},"end":{"line":8,"column":67}}],"line":8},"5":{"loc":{"start":{"line":20,"column":12},"end":{"line":25,"column":13}},"type":"if","locations":[{"start":{"line":20,"column":12},"end":{"line":25,"column":13}},{"start":{"line":23,"column":17},"end":{"line":25,"column":13}}],"line":20},"6":{"loc":{"start":{"line":31,"column":12},"end":{"line":36,"column":13}},"type":"if","locations":[{"start":{"line":31,"column":12},"end":{"line":36,"column":13}},{"start":{"line":34,"column":17},"end":{"line":36,"column":13}}],"line":31},"7":{"loc":{"start":{"line":43,"column":12},"end":{"line":48,"column":13}},"type":"if","locations":[{"start":{"line":43,"column":12},"end":{"line":48,"column":13}},{"start":{"line":46,"column":17},"end":{"line":48,"column":13}}],"line":43},"8":{"loc":{"start":{"line":55,"column":12},"end":{"line":60,"column":13}},"type":"if","locations":[{"start":{"line":55,"column":12},"end":{"line":60,"column":13}},{"start":{"line":58,"column":17},"end":{"line":60,"column":13}}],"line":55},"9":{"loc":{"start":{"line":67,"column":12},"end":{"line":72,"column":13}},"type":"if","locations":[{"start":{"line":67,"column":12},"end":{"line":72,"column":13}},{"start":{"line":70,"column":17},"end":{"line":72,"column":13}}],"line":67},"10":{"loc":{"start":{"line":78,"column":12},"end":{"line":83,"column":13}},"type":"if","locations":[{"start":{"line":78,"column":12},"end":{"line":83,"column":13}},{"start":{"line":81,"column":17},"end":{"line":83,"column":13}}],"line":78}},"s":{"0":1,"1":0,"2":0,"3":0,"4":0,"5":0,"6":0,"7":0,"8":0,"9":0,"10":0,"11":0,"12":1,"13":1,"14":1,"15":1,"16":0,"17":0,"18":0,"19":0,"20":0,"21":0,"22":0,"23":0,"24":0,"25":0,"26":0,"27":0,"28":0,"29":0,"30":0,"31":0,"32":0,"33":0,"34":0,"35":0,"36":0,"37":0,"38":0,"39":0,"40":0,"41":0,"42":0,"43":0,"44":0,"45":0,"46":0,"47":0,"48":0,"49":0,"50":1},"f":{"0":0,"1":0,"2":0,"3":0,"4":0,"5":0,"6":0,"7":0,"8":0,"9":0,"10":0,"11":0,"12":0,"13":0,"14":0,"15":0,"16":0,"17":0,"18":0},"b":{"0":[1,1,1],"1":[0,0],"2":[0,0],"3":[0,0],"4":[0,0],"5":[0,0],"6":[0,0],"7":[0,0],"8":[0,0],"9":[0,0],"10":[0,0]},"inputSourceMap":null,"_coverageSchema":"1a1c01bbd47fc00a2c39e90264f33305004495a9","hash":"eb75dcd315543dc1daa8fdd156e942cfa33ac54e"}
,"C:\\Users\\user\\Desktop\\andela projects\\express-ts\\dist\\controllers\\userControllers.js": {"path":"C:\\Users\\user\\Desktop\\andela projects\\express-ts\\dist\\controllers\\userControllers.js","statementMap":{"0":{"start":{"line":2,"column":16},"end":{"line":10,"column":1}},"1":{"start":{"line":3,"column":28},"end":{"line":3,"column":110}},"2":{"start":{"line":3,"column":91},"end":{"line":3,"column":106}},"3":{"start":{"line":4,"column":4},"end":{"line":9,"column":7}},"4":{"start":{"line":5,"column":36},"end":{"line":5,"column":97}},"5":{"start":{"line":5,"column":42},"end":{"line":5,"column":70}},"6":{"start":{"line":5,"column":85},"end":{"line":5,"column":95}},"7":{"start":{"line":6,"column":35},"end":{"line":6,"column":100}},"8":{"start":{"line":6,"column":41},"end":{"line":6,"column":73}},"9":{"start":{"line":6,"column":88},"end":{"line":6,"column":98}},"10":{"start":{"line":7,"column":32},"end":{"line":7,"column":116}},"11":{"start":{"line":8,"column":8},"end":{"line":8,"column":78}},"12":{"start":{"line":11,"column":22},"end":{"line":13,"column":1}},"13":{"start":{"line":12,"column":4},"end":{"line":12,"column":62}},"14":{"start":{"line":14,"column":0},"end":{"line":14,"column":62}},"15":{"start":{"line":15,"column":15},"end":{"line":15,"column":39}},"16":{"start":{"line":16,"column":25},"end":{"line":16,"column":59}},"17":{"start":{"line":17,"column":23},"end":{"line":17,"column":55}},"18":{"start":{"line":18,"column":17},"end":{"line":18,"column":51}},"19":{"start":{"line":19,"column":23},"end":{"line":19,"column":63}},"20":{"start":{"line":20,"column":23},"end":{"line":20,"column":55}},"21":{"start":{"line":23,"column":8},"end":{"line":37,"column":11}},"22":{"start":{"line":24,"column":56},"end":{"line":24,"column":64}},"23":{"start":{"line":25,"column":12},"end":{"line":27,"column":13}},"24":{"start":{"line":26,"column":16},"end":{"line":26,"column":90}},"25":{"start":{"line":28,"column":33},"end":{"line":28,"column":72}},"26":{"start":{"line":29,"column":25},"end":{"line":29,"column":100}},"27":{"start":{"line":30,"column":12},"end":{"line":35,"column":13}},"28":{"start":{"line":31,"column":16},"end":{"line":31,"column":92}},"29":{"start":{"line":34,"column":16},"end":{"line":34,"column":91}},"30":{"start":{"line":41,"column":8},"end":{"line":50,"column":11}},"31":{"start":{"line":42,"column":25},"end":{"line":42,"column":49}},"32":{"start":{"line":43,"column":12},"end":{"line":48,"column":13}},"33":{"start":{"line":44,"column":16},"end":{"line":44,"column":110}},"34":{"start":{"line":47,"column":16},"end":{"line":47,"column":85}},"35":{"start":{"line":54,"column":8},"end":{"line":63,"column":11}},"36":{"start":{"line":55,"column":27},"end":{"line":55,"column":40}},"37":{"start":{"line":56,"column":25},"end":{"line":56,"column":59}},"38":{"start":{"line":57,"column":12},"end":{"line":62,"column":13}},"39":{"start":{"line":58,"column":16},"end":{"line":58,"column":90}},"40":{"start":{"line":61,"column":16},"end":{"line":61,"column":84}},"41":{"start":{"line":66,"column":8},"end":{"line":76,"column":11}},"42":{"start":{"line":67,"column":27},"end":{"line":67,"column":40}},"43":{"start":{"line":68,"column":25},"end":{"line":68,"column":93}},"44":{"start":{"line":69,"column":12},"end":{"line":74,"column":13}},"45":{"start":{"line":70,"column":16},"end":{"line":70,"column":92}},"46":{"start":{"line":73,"column":16},"end":{"line":73,"column":86}},"47":{"start":{"line":80,"column":8},"end":{"line":90,"column":11}},"48":{"start":{"line":81,"column":27},"end":{"line":81,"column":40}},"49":{"start":{"line":82,"column":25},"end":{"line":82,"column":68}},"50":{"start":{"line":83,"column":12},"end":{"line":88,"column":13}},"51":{"start":{"line":84,"column":16},"end":{"line":84,"column":105}},"52":{"start":{"line":87,"column":16},"end":{"line":87,"column":86}},"53":{"start":{"line":94,"column":8},"end":{"line":103,"column":11}},"54":{"start":{"line":95,"column":25},"end":{"line":95,"column":55}},"55":{"start":{"line":96,"column":12},"end":{"line":101,"column":13}},"56":{"start":{"line":97,"column":16},"end":{"line":97,"column":87}},"57":{"start":{"line":100,"column":16},"end":{"line":100,"column":87}},"58":{"start":{"line":107,"column":8},"end":{"line":139,"column":11}},"59":{"start":{"line":108,"column":40},"end":{"line":108,"column":48}},"60":{"start":{"line":109,"column":30},"end":{"line":109,"column":39}},"61":{"start":{"line":110,"column":12},"end":{"line":137,"column":13}},"62":{"start":{"line":111,"column":16},"end":{"line":113,"column":17}},"63":{"start":{"line":112,"column":20},"end":{"line":112,"column":96}},"64":{"start":{"line":114,"column":29},"end":{"line":114,"column":65}},"65":{"start":{"line":115,"column":16},"end":{"line":132,"column":17}},"66":{"start":{"line":116,"column":20},"end":{"line":116,"column":99}},"67":{"start":{"line":119,"column":44},"end":{"line":119,"column":97}},"68":{"start":{"line":120,"column":20},"end":{"line":131,"column":21}},"69":{"start":{"line":121,"column":24},"end":{"line":121,"column":103}},"70":{"start":{"line":124,"column":38},"end":{"line":124,"column":113}},"71":{"start":{"line":125,"column":24},"end":{"line":130,"column":25}},"72":{"start":{"line":126,"column":28},"end":{"line":126,"column":106}},"73":{"start":{"line":129,"column":28},"end":{"line":129,"column":97}},"74":{"start":{"line":135,"column":16},"end":{"line":135,"column":35}},"75":{"start":{"line":136,"column":16},"end":{"line":136,"column":91}},"76":{"start":{"line":144,"column":0},"end":{"line":144,"column":33}}},"fnMap":{"0":{"name":"(anonymous_0)","decl":{"start":{"line":2,"column":44},"end":{"line":2,"column":45}},"loc":{"start":{"line":2,"column":89},"end":{"line":10,"column":1}},"line":2},"1":{"name":"adopt","decl":{"start":{"line":3,"column":13},"end":{"line":3,"column":18}},"loc":{"start":{"line":3,"column":26},"end":{"line":3,"column":112}},"line":3},"2":{"name":"(anonymous_2)","decl":{"start":{"line":3,"column":70},"end":{"line":3,"column":71}},"loc":{"start":{"line":3,"column":89},"end":{"line":3,"column":108}},"line":3},"3":{"name":"(anonymous_3)","decl":{"start":{"line":4,"column":36},"end":{"line":4,"column":37}},"loc":{"start":{"line":4,"column":63},"end":{"line":9,"column":5}},"line":4},"4":{"name":"fulfilled","decl":{"start":{"line":5,"column":17},"end":{"line":5,"column":26}},"loc":{"start":{"line":5,"column":34},"end":{"line":5,"column":99}},"line":5},"5":{"name":"rejected","decl":{"start":{"line":6,"column":17},"end":{"line":6,"column":25}},"loc":{"start":{"line":6,"column":33},"end":{"line":6,"column":102}},"line":6},"6":{"name":"step","decl":{"start":{"line":7,"column":17},"end":{"line":7,"column":21}},"loc":{"start":{"line":7,"column":30},"end":{"line":7,"column":118}},"line":7},"7":{"name":"(anonymous_7)","decl":{"start":{"line":11,"column":56},"end":{"line":11,"column":57}},"loc":{"start":{"line":11,"column":71},"end":{"line":13,"column":1}},"line":11},"8":{"name":"(anonymous_8)","decl":{"start":{"line":22,"column":4},"end":{"line":22,"column":5}},"loc":{"start":{"line":22,"column":32},"end":{"line":38,"column":5}},"line":22},"9":{"name":"(anonymous_9)","decl":{"start":{"line":23,"column":47},"end":{"line":23,"column":48}},"loc":{"start":{"line":23,"column":60},"end":{"line":37,"column":9}},"line":23},"10":{"name":"(anonymous_10)","decl":{"start":{"line":40,"column":4},"end":{"line":40,"column":5}},"loc":{"start":{"line":40,"column":33},"end":{"line":51,"column":5}},"line":40},"11":{"name":"(anonymous_11)","decl":{"start":{"line":41,"column":47},"end":{"line":41,"column":48}},"loc":{"start":{"line":41,"column":60},"end":{"line":50,"column":9}},"line":41},"12":{"name":"(anonymous_12)","decl":{"start":{"line":53,"column":4},"end":{"line":53,"column":5}},"loc":{"start":{"line":53,"column":29},"end":{"line":64,"column":5}},"line":53},"13":{"name":"(anonymous_13)","decl":{"start":{"line":54,"column":47},"end":{"line":54,"column":48}},"loc":{"start":{"line":54,"column":60},"end":{"line":63,"column":9}},"line":54},"14":{"name":"(anonymous_14)","decl":{"start":{"line":65,"column":4},"end":{"line":65,"column":5}},"loc":{"start":{"line":65,"column":32},"end":{"line":77,"column":5}},"line":65},"15":{"name":"(anonymous_15)","decl":{"start":{"line":66,"column":47},"end":{"line":66,"column":48}},"loc":{"start":{"line":66,"column":60},"end":{"line":76,"column":9}},"line":66},"16":{"name":"(anonymous_16)","decl":{"start":{"line":79,"column":4},"end":{"line":79,"column":5}},"loc":{"start":{"line":79,"column":32},"end":{"line":91,"column":5}},"line":79},"17":{"name":"(anonymous_17)","decl":{"start":{"line":80,"column":47},"end":{"line":80,"column":48}},"loc":{"start":{"line":80,"column":60},"end":{"line":90,"column":9}},"line":80},"18":{"name":"(anonymous_18)","decl":{"start":{"line":93,"column":4},"end":{"line":93,"column":5}},"loc":{"start":{"line":93,"column":35},"end":{"line":104,"column":5}},"line":93},"19":{"name":"(anonymous_19)","decl":{"start":{"line":94,"column":47},"end":{"line":94,"column":48}},"loc":{"start":{"line":94,"column":60},"end":{"line":103,"column":9}},"line":94},"20":{"name":"(anonymous_20)","decl":{"start":{"line":106,"column":4},"end":{"line":106,"column":5}},"loc":{"start":{"line":106,"column":27},"end":{"line":140,"column":5}},"line":106},"21":{"name":"(anonymous_21)","decl":{"start":{"line":107,"column":47},"end":{"line":107,"column":48}},"loc":{"start":{"line":107,"column":60},"end":{"line":139,"column":9}},"line":107}},"branchMap":{"0":{"loc":{"start":{"line":2,"column":16},"end":{"line":10,"column":1}},"type":"binary-expr","locations":[{"start":{"line":2,"column":17},"end":{"line":2,"column":21}},{"start":{"line":2,"column":25},"end":{"line":2,"column":39}},{"start":{"line":2,"column":44},"end":{"line":10,"column":1}}],"line":2},"1":{"loc":{"start":{"line":3,"column":35},"end":{"line":3,"column":109}},"type":"cond-expr","locations":[{"start":{"line":3,"column":56},"end":{"line":3,"column":61}},{"start":{"line":3,"column":64},"end":{"line":3,"column":109}}],"line":3},"2":{"loc":{"start":{"line":4,"column":16},"end":{"line":4,"column":34}},"type":"binary-expr","locations":[{"start":{"line":4,"column":16},"end":{"line":4,"column":17}},{"start":{"line":4,"column":22},"end":{"line":4,"column":33}}],"line":4},"3":{"loc":{"start":{"line":7,"column":32},"end":{"line":7,"column":115}},"type":"cond-expr","locations":[{"start":{"line":7,"column":46},"end":{"line":7,"column":67}},{"start":{"line":7,"column":70},"end":{"line":7,"column":115}}],"line":7},"4":{"loc":{"start":{"line":8,"column":51},"end":{"line":8,"column":67}},"type":"binary-expr","locations":[{"start":{"line":8,"column":51},"end":{"line":8,"column":61}},{"start":{"line":8,"column":65},"end":{"line":8,"column":67}}],"line":8},"5":{"loc":{"start":{"line":11,"column":22},"end":{"line":13,"column":1}},"type":"binary-expr","locations":[{"start":{"line":11,"column":23},"end":{"line":11,"column":27}},{"start":{"line":11,"column":31},"end":{"line":11,"column":51}},{"start":{"line":11,"column":56},"end":{"line":13,"column":1}}],"line":11},"6":{"loc":{"start":{"line":12,"column":11},"end":{"line":12,"column":61}},"type":"cond-expr","locations":[{"start":{"line":12,"column":37},"end":{"line":12,"column":40}},{"start":{"line":12,"column":43},"end":{"line":12,"column":61}}],"line":12},"7":{"loc":{"start":{"line":12,"column":12},"end":{"line":12,"column":33}},"type":"binary-expr","locations":[{"start":{"line":12,"column":12},"end":{"line":12,"column":15}},{"start":{"line":12,"column":19},"end":{"line":12,"column":33}}],"line":12},"8":{"loc":{"start":{"line":25,"column":12},"end":{"line":27,"column":13}},"type":"if","locations":[{"start":{"line":25,"column":12},"end":{"line":27,"column":13}},{"start":{},"end":{}}],"line":25},"9":{"loc":{"start":{"line":30,"column":12},"end":{"line":35,"column":13}},"type":"if","locations":[{"start":{"line":30,"column":12},"end":{"line":35,"column":13}},{"start":{"line":33,"column":17},"end":{"line":35,"column":13}}],"line":30},"10":{"loc":{"start":{"line":43,"column":12},"end":{"line":48,"column":13}},"type":"if","locations":[{"start":{"line":43,"column":12},"end":{"line":48,"column":13}},{"start":{"line":46,"column":17},"end":{"line":48,"column":13}}],"line":43},"11":{"loc":{"start":{"line":57,"column":12},"end":{"line":62,"column":13}},"type":"if","locations":[{"start":{"line":57,"column":12},"end":{"line":62,"column":13}},{"start":{"line":60,"column":17},"end":{"line":62,"column":13}}],"line":57},"12":{"loc":{"start":{"line":69,"column":12},"end":{"line":74,"column":13}},"type":"if","locations":[{"start":{"line":69,"column":12},"end":{"line":74,"column":13}},{"start":{"line":72,"column":17},"end":{"line":74,"column":13}}],"line":69},"13":{"loc":{"start":{"line":83,"column":12},"end":{"line":88,"column":13}},"type":"if","locations":[{"start":{"line":83,"column":12},"end":{"line":88,"column":13}},{"start":{"line":86,"column":17},"end":{"line":88,"column":13}}],"line":83},"14":{"loc":{"start":{"line":96,"column":12},"end":{"line":101,"column":13}},"type":"if","locations":[{"start":{"line":96,"column":12},"end":{"line":101,"column":13}},{"start":{"line":99,"column":17},"end":{"line":101,"column":13}}],"line":96},"15":{"loc":{"start":{"line":111,"column":16},"end":{"line":113,"column":17}},"type":"if","locations":[{"start":{"line":111,"column":16},"end":{"line":113,"column":17}},{"start":{},"end":{}}],"line":111},"16":{"loc":{"start":{"line":115,"column":16},"end":{"line":132,"column":17}},"type":"if","locations":[{"start":{"line":115,"column":16},"end":{"line":132,"column":17}},{"start":{"line":118,"column":21},"end":{"line":132,"column":17}}],"line":115},"17":{"loc":{"start":{"line":120,"column":20},"end":{"line":131,"column":21}},"type":"if","locations":[{"start":{"line":120,"column":20},"end":{"line":131,"column":21}},{"start":{"line":123,"column":25},"end":{"line":131,"column":21}}],"line":120},"18":{"loc":{"start":{"line":125,"column":24},"end":{"line":130,"column":25}},"type":"if","locations":[{"start":{"line":125,"column":24},"end":{"line":130,"column":25}},{"start":{"line":128,"column":29},"end":{"line":130,"column":25}}],"line":125}},"s":{"0":1,"1":9,"2":8,"3":10,"4":9,"5":9,"6":0,"7":0,"8":0,"9":0,"10":19,"11":10,"12":1,"13":2,"14":1,"15":1,"16":1,"17":1,"18":1,"19":1,"20":1,"21":2,"22":2,"23":2,"24":1,"25":1,"26":1,"27":1,"28":1,"29":0,"30":2,"31":2,"32":2,"33":2,"34":0,"35":0,"36":0,"37":0,"38":0,"39":0,"40":0,"41":1,"42":1,"43":1,"44":1,"45":0,"46":1,"47":2,"48":2,"49":2,"50":2,"51":0,"52":2,"53":2,"54":2,"55":2,"56":2,"57":0,"58":1,"59":1,"60":1,"61":1,"62":1,"63":0,"64":1,"65":1,"66":1,"67":0,"68":0,"69":0,"70":0,"71":0,"72":0,"73":0,"74":0,"75":0,"76":1},"f":{"0":10,"1":9,"2":8,"3":10,"4":9,"5":0,"6":19,"7":2,"8":2,"9":2,"10":2,"11":2,"12":0,"13":0,"14":1,"15":1,"16":2,"17":2,"18":2,"19":2,"20":1,"21":1},"b":{"0":[1,1,1],"1":[1,8],"2":[10,10],"3":[10,9],"4":[10,10],"5":[1,1,1],"6":[0,2],"7":[2,2],"8":[1,1],"9":[1,0],"10":[2,0],"11":[0,0],"12":[0,1],"13":[0,2],"14":[2,0],"15":[0,1],"16":[1,0],"17":[0,0],"18":[0,0]},"inputSourceMap":null,"_coverageSchema":"1a1c01bbd47fc00a2c39e90264f33305004495a9","hash":"81c9b76ffc615722577ab9c8b996afe0955affe5"}
,"C:\\Users\\user\\Desktop\\andela projects\\express-ts\\dist\\model\\blogs.js": {"path":"C:\\Users\\user\\Desktop\\andela projects\\express-ts\\dist\\model\\blogs.js","statementMap":{"0":{"start":{"line":2,"column":22},"end":{"line":4,"column":1}},"1":{"start":{"line":3,"column":4},"end":{"line":3,"column":62}},"2":{"start":{"line":5,"column":0},"end":{"line":5,"column":62}},"3":{"start":{"line":6,"column":0},"end":{"line":6,"column":22}},"4":{"start":{"line":7,"column":19},"end":{"line":7,"column":55}},"5":{"start":{"line":8,"column":20},"end":{"line":15,"column":2}},"6":{"start":{"line":16,"column":13},"end":{"line":16,"column":59}},"7":{"start":{"line":17,"column":0},"end":{"line":17,"column":20}}},"fnMap":{"0":{"name":"(anonymous_0)","decl":{"start":{"line":2,"column":56},"end":{"line":2,"column":57}},"loc":{"start":{"line":2,"column":71},"end":{"line":4,"column":1}},"line":2}},"branchMap":{"0":{"loc":{"start":{"line":2,"column":22},"end":{"line":4,"column":1}},"type":"binary-expr","locations":[{"start":{"line":2,"column":23},"end":{"line":2,"column":27}},{"start":{"line":2,"column":31},"end":{"line":2,"column":51}},{"start":{"line":2,"column":56},"end":{"line":4,"column":1}}],"line":2},"1":{"loc":{"start":{"line":3,"column":11},"end":{"line":3,"column":61}},"type":"cond-expr","locations":[{"start":{"line":3,"column":37},"end":{"line":3,"column":40}},{"start":{"line":3,"column":43},"end":{"line":3,"column":61}}],"line":3},"2":{"loc":{"start":{"line":3,"column":12},"end":{"line":3,"column":33}},"type":"binary-expr","locations":[{"start":{"line":3,"column":12},"end":{"line":3,"column":15}},{"start":{"line":3,"column":19},"end":{"line":3,"column":33}}],"line":3}},"s":{"0":1,"1":1,"2":1,"3":1,"4":1,"5":1,"6":1,"7":1},"f":{"0":1},"b":{"0":[1,1,1],"1":[0,1],"2":[1,1]},"inputSourceMap":null,"_coverageSchema":"1a1c01bbd47fc00a2c39e90264f33305004495a9","hash":"ad4f468573aee9ed4bc50314ad5d2630d2a0178f"}
,"C:\\Users\\user\\Desktop\\andela projects\\express-ts\\dist\\model\\user.js": {"path":"C:\\Users\\user\\Desktop\\andela projects\\express-ts\\dist\\model\\user.js","statementMap":{"0":{"start":{"line":2,"column":22},"end":{"line":4,"column":1}},"1":{"start":{"line":3,"column":4},"end":{"line":3,"column":62}},"2":{"start":{"line":5,"column":0},"end":{"line":5,"column":62}},"3":{"start":{"line":6,"column":0},"end":{"line":6,"column":22}},"4":{"start":{"line":7,"column":19},"end":{"line":7,"column":55}},"5":{"start":{"line":8,"column":19},"end":{"line":13,"column":2}},"6":{"start":{"line":14,"column":0},"end":{"line":14,"column":60}}},"fnMap":{"0":{"name":"(anonymous_0)","decl":{"start":{"line":2,"column":56},"end":{"line":2,"column":57}},"loc":{"start":{"line":2,"column":71},"end":{"line":4,"column":1}},"line":2}},"branchMap":{"0":{"loc":{"start":{"line":2,"column":22},"end":{"line":4,"column":1}},"type":"binary-expr","locations":[{"start":{"line":2,"column":23},"end":{"line":2,"column":27}},{"start":{"line":2,"column":31},"end":{"line":2,"column":51}},{"start":{"line":2,"column":56},"end":{"line":4,"column":1}}],"line":2},"1":{"loc":{"start":{"line":3,"column":11},"end":{"line":3,"column":61}},"type":"cond-expr","locations":[{"start":{"line":3,"column":37},"end":{"line":3,"column":40}},{"start":{"line":3,"column":43},"end":{"line":3,"column":61}}],"line":3},"2":{"loc":{"start":{"line":3,"column":12},"end":{"line":3,"column":33}},"type":"binary-expr","locations":[{"start":{"line":3,"column":12},"end":{"line":3,"column":15}},{"start":{"line":3,"column":19},"end":{"line":3,"column":33}}],"line":3}},"s":{"0":1,"1":1,"2":1,"3":1,"4":1,"5":1,"6":1},"f":{"0":1},"b":{"0":[1,1,1],"1":[0,1],"2":[1,1]},"inputSourceMap":null,"_coverageSchema":"1a1c01bbd47fc00a2c39e90264f33305004495a9","hash":"f8e21db25cc631306765641980078f335da496b6"}
,"C:\\Users\\user\\Desktop\\andela projects\\express-ts\\dist\\utils\\errorMessage.js": {"path":"C:\\Users\\user\\Desktop\\andela projects\\express-ts\\dist\\utils\\errorMessage.js","statementMap":{"0":{"start":{"line":2,"column":0},"end":{"line":2,"column":62}},"1":{"start":{"line":3,"column":0},"end":{"line":3,"column":30}},"2":{"start":{"line":4,"column":21},"end":{"line":8,"column":1}},"3":{"start":{"line":5,"column":4},"end":{"line":7,"column":7}},"4":{"start":{"line":9,"column":0},"end":{"line":9,"column":36}}},"fnMap":{"0":{"name":"(anonymous_0)","decl":{"start":{"line":4,"column":21},"end":{"line":4,"column":22}},"loc":{"start":{"line":4,"column":47},"end":{"line":8,"column":1}},"line":4}},"branchMap":{},"s":{"0":1,"1":1,"2":1,"3":7,"4":1},"f":{"0":7},"b":{},"inputSourceMap":null,"_coverageSchema":"1a1c01bbd47fc00a2c39e90264f33305004495a9","hash":"3d478a6b0aba776f837715b78ea5c512087a88c2"}
,"C:\\Users\\user\\Desktop\\andela projects\\express-ts\\dist\\utils\\loginMessage.js": {"path":"C:\\Users\\user\\Desktop\\andela projects\\express-ts\\dist\\utils\\loginMessage.js","statementMap":{"0":{"start":{"line":2,"column":0},"end":{"line":2,"column":62}},"1":{"start":{"line":3,"column":0},"end":{"line":3,"column":30}},"2":{"start":{"line":4,"column":21},"end":{"line":10,"column":1}},"3":{"start":{"line":5,"column":4},"end":{"line":9,"column":7}},"4":{"start":{"line":11,"column":0},"end":{"line":11,"column":36}}},"fnMap":{"0":{"name":"(anonymous_0)","decl":{"start":{"line":4,"column":21},"end":{"line":4,"column":22}},"loc":{"start":{"line":4,"column":60},"end":{"line":10,"column":1}},"line":4}},"branchMap":{},"s":{"0":1,"1":1,"2":1,"3":0,"4":1},"f":{"0":0},"b":{},"inputSourceMap":null,"_coverageSchema":"1a1c01bbd47fc00a2c39e90264f33305004495a9","hash":"b846379dd5ff7cd576d4cf9adc79fa9537ba47d5"}
,"C:\\Users\\user\\Desktop\\andela projects\\express-ts\\dist\\utils\\successMessage.js": {"path":"C:\\Users\\user\\Desktop\\andela projects\\express-ts\\dist\\utils\\successMessage.js","statementMap":{"0":{"start":{"line":2,"column":0},"end":{"line":2,"column":62}},"1":{"start":{"line":3,"column":0},"end":{"line":3,"column":32}},"2":{"start":{"line":4,"column":23},"end":{"line":9,"column":1}},"3":{"start":{"line":5,"column":4},"end":{"line":8,"column":7}},"4":{"start":{"line":10,"column":0},"end":{"line":10,"column":40}}},"fnMap":{"0":{"name":"(anonymous_0)","decl":{"start":{"line":4,"column":23},"end":{"line":4,"column":24}},"loc":{"start":{"line":4,"column":55},"end":{"line":9,"column":1}},"line":4}},"branchMap":{},"s":{"0":1,"1":1,"2":1,"3":3,"4":1},"f":{"0":3},"b":{},"inputSourceMap":null,"_coverageSchema":"1a1c01bbd47fc00a2c39e90264f33305004495a9","hash":"8d747031c26f05039a6b475cbb46b34e05811a66"}
,"C:\\Users\\user\\Desktop\\andela projects\\express-ts\\src\\server.ts": {"path":"C:\\Users\\user\\Desktop\\andela projects\\express-ts\\src\\server.ts","statementMap":{"0":{"start":{"line":1,"column":0},"end":{"line":1,"column":53}},"1":{"start":{"line":3,"column":0},"end":{"line":3,"column":37}},"2":{"start":{"line":4,"column":0},"end":{"line":4,"column":41}},"3":{"start":{"line":5,"column":0},"end":{"line":5,"column":38}},"4":{"start":{"line":6,"column":0},"end":{"line":6,"column":24}},"5":{"start":{"line":7,"column":0},"end":{"line":7,"column":59}},"6":{"start":{"line":8,"column":0},"end":{"line":8,"column":60}},"7":{"start":{"line":11,"column":12},"end":{"line":11,"column":21}},"8":{"start":{"line":13,"column":0},"end":{"line":15,"column":4}},"9":{"start":{"line":17,"column":0},"end":{"line":17,"column":23}},"10":{"start":{"line":18,"column":0},"end":{"line":18,"column":24}},"11":{"start":{"line":19,"column":0},"end":{"line":19,"column":27}},"12":{"start":{"line":20,"column":0},"end":{"line":22,"column":3}},"13":{"start":{"line":21,"column":4},"end":{"line":21,"column":64}},"14":{"start":{"line":24,"column":0},"end":{"line":24,"column":47}},"15":{"start":{"line":25,"column":0},"end":{"line":25,"column":41}},"16":{"start":{"line":26,"column":0},"end":{"line":26,"column":37}},"17":{"start":{"line":27,"column":0},"end":{"line":27,"column":44}},"18":{"start":{"line":28,"column":0},"end":{"line":28,"column":43}},"19":{"start":{"line":29,"column":0},"end":{"line":29,"column":52}},"20":{"start":{"line":30,"column":0},"end":{"line":30,"column":null}},"21":{"start":{"line":32,"column":0},"end":{"line":32,"column":47}},"22":{"start":{"line":33,"column":0},"end":{"line":33,"column":37}},"23":{"start":{"line":34,"column":0},"end":{"line":34,"column":44}},"24":{"start":{"line":35,"column":0},"end":{"line":35,"column":43}},"25":{"start":{"line":36,"column":0},"end":{"line":36,"column":53}},"26":{"start":{"line":37,"column":0},"end":{"line":37,"column":null}},"27":{"start":{"line":38,"column":0},"end":{"line":38,"column":19}}},"fnMap":{"0":{"name":"(anonymous_1)","decl":{"start":{"line":20,"column":13},"end":{"line":20,"column":14}},"loc":{"start":{"line":20,"column":45},"end":{"line":22,"column":1}}}},"branchMap":{},"s":{"0":1,"1":1,"2":1,"3":1,"4":1,"5":1,"6":1,"7":1,"8":1,"9":1,"10":1,"11":1,"12":1,"13":3,"14":1,"15":1,"16":1,"17":1,"18":1,"19":1,"20":1,"21":1,"22":1,"23":1,"24":1,"25":1,"26":1,"27":1},"f":{"0":3},"b":{}}
,"C:\\Users\\user\\Desktop\\andela projects\\express-ts\\src\\controllers\\blogsControllers.ts": {"path":"C:\\Users\\user\\Desktop\\andela projects\\express-ts\\src\\controllers\\blogsControllers.ts","statementMap":{"0":{"start":{"line":2,"column":0},"end":{"line":2,"column":38}},"1":{"start":{"line":3,"column":0},"end":{"line":3,"column":57}},"2":{"start":{"line":4,"column":0},"end":{"line":4,"column":53}},"3":{"start":{"line":8,"column":56},"end":{"line":8,"column":64}},"4":{"start":{"line":9,"column":21},"end":{"line":9,"column":79}},"5":{"start":{"line":10,"column":8},"end":{"line":15,"column":9}},"6":{"start":{"line":11,"column":12},"end":{"line":11,"column":null}},"7":{"start":{"line":14,"column":12},"end":{"line":14,"column":null}},"8":{"start":{"line":19,"column":21},"end":{"line":19,"column":38}},"9":{"start":{"line":20,"column":8},"end":{"line":25,"column":9}},"10":{"start":{"line":21,"column":12},"end":{"line":21,"column":null}},"11":{"start":{"line":24,"column":12},"end":{"line":24,"column":null}},"12":{"start":{"line":29,"column":23},"end":{"line":29,"column":36}},"13":{"start":{"line":30,"column":21},"end":{"line":30,"column":48}},"14":{"start":{"line":31,"column":8},"end":{"line":36,"column":9}},"15":{"start":{"line":32,"column":12},"end":{"line":32,"column":null}},"16":{"start":{"line":35,"column":12},"end":{"line":35,"column":null}},"17":{"start":{"line":40,"column":23},"end":{"line":40,"column":36}},"18":{"start":{"line":41,"column":21},"end":{"line":41,"column":80}},"19":{"start":{"line":42,"column":8},"end":{"line":47,"column":9}},"20":{"start":{"line":43,"column":12},"end":{"line":43,"column":null}},"21":{"start":{"line":46,"column":12},"end":{"line":46,"column":null}},"22":{"start":{"line":51,"column":23},"end":{"line":51,"column":36}},"23":{"start":{"line":52,"column":21},"end":{"line":52,"column":57}},"24":{"start":{"line":53,"column":8},"end":{"line":58,"column":9}},"25":{"start":{"line":54,"column":12},"end":{"line":54,"column":null}},"26":{"start":{"line":57,"column":12},"end":{"line":57,"column":null}},"27":{"start":{"line":62,"column":21},"end":{"line":62,"column":44}},"28":{"start":{"line":63,"column":8},"end":{"line":68,"column":9}},"29":{"start":{"line":64,"column":12},"end":{"line":64,"column":null}},"30":{"start":{"line":67,"column":12},"end":{"line":67,"column":null}},"31":{"start":{"line":73,"column":0},"end":{"line":73,"column":30}}},"fnMap":{"0":{"name":"(anonymous_7)","decl":{"start":{"line":7,"column":11},"end":{"line":7,"column":17}},"loc":{"start":{"line":7,"column":61},"end":{"line":16,"column":null}}},"1":{"name":"(anonymous_9)","decl":{"start":{"line":18,"column":11},"end":{"line":18,"column":17}},"loc":{"start":{"line":18,"column":62},"end":{"line":26,"column":null}}},"2":{"name":"(anonymous_11)","decl":{"start":{"line":28,"column":11},"end":{"line":28,"column":17}},"loc":{"start":{"line":28,"column":58},"end":{"line":37,"column":null}}},"3":{"name":"(anonymous_13)","decl":{"start":{"line":39,"column":11},"end":{"line":39,"column":17}},"loc":{"start":{"line":39,"column":61},"end":{"line":48,"column":null}}},"4":{"name":"(anonymous_15)","decl":{"start":{"line":50,"column":11},"end":{"line":50,"column":17}},"loc":{"start":{"line":50,"column":61},"end":{"line":59,"column":null}}},"5":{"name":"(anonymous_17)","decl":{"start":{"line":61,"column":11},"end":{"line":61,"column":17}},"loc":{"start":{"line":61,"column":65},"end":{"line":69,"column":null}}}},"branchMap":{"0":{"loc":{"start":{"line":10,"column":8},"end":{"line":15,"column":9}},"type":"if","locations":[{"start":{"line":10,"column":8},"end":{"line":15,"column":9}},{"start":{"line":13,"column":12},"end":{"line":15,"column":9}}]},"1":{"loc":{"start":{"line":20,"column":8},"end":{"line":25,"column":9}},"type":"if","locations":[{"start":{"line":20,"column":8},"end":{"line":25,"column":9}},{"start":{"line":23,"column":12},"end":{"line":25,"column":9}}]},"2":{"loc":{"start":{"line":31,"column":8},"end":{"line":36,"column":9}},"type":"if","locations":[{"start":{"line":31,"column":8},"end":{"line":36,"column":9}},{"start":{"line":34,"column":12},"end":{"line":36,"column":9}}]},"3":{"loc":{"start":{"line":42,"column":8},"end":{"line":47,"column":9}},"type":"if","locations":[{"start":{"line":42,"column":8},"end":{"line":47,"column":9}},{"start":{"line":45,"column":12},"end":{"line":47,"column":9}}]},"4":{"loc":{"start":{"line":53,"column":8},"end":{"line":58,"column":9}},"type":"if","locations":[{"start":{"line":53,"column":8},"end":{"line":58,"column":9}},{"start":{"line":56,"column":12},"end":{"line":58,"column":9}}]},"5":{"loc":{"start":{"line":63,"column":8},"end":{"line":68,"column":9}},"type":"if","locations":[{"start":{"line":63,"column":8},"end":{"line":68,"column":9}},{"start":{"line":66,"column":12},"end":{"line":68,"column":9}}]}},"s":{"0":1,"1":1,"2":1,"3":0,"4":0,"5":0,"6":0,"7":0,"8":0,"9":0,"10":0,"11":0,"12":0,"13":0,"14":0,"15":0,"16":0,"17":0,"18":0,"19":0,"20":0,"21":0,"22":0,"23":0,"24":0,"25":0,"26":0,"27":0,"28":0,"29":0,"30":0,"31":1},"f":{"0":0,"1":0,"2":0,"3":0,"4":0,"5":0},"b":{"0":[0,0],"1":[0,0],"2":[0,0],"3":[0,0],"4":[0,0],"5":[0,0]}}
,"C:\\Users\\user\\Desktop\\andela projects\\express-ts\\src\\controllers\\userControllers.ts": {"path":"C:\\Users\\user\\Desktop\\andela projects\\express-ts\\src\\controllers\\userControllers.ts","statementMap":{"0":{"start":{"line":2,"column":0},"end":{"line":2,"column":37}},"1":{"start":{"line":3,"column":0},"end":{"line":3,"column":57}},"2":{"start":{"line":4,"column":0},"end":{"line":4,"column":53}},"3":{"start":{"line":5,"column":0},"end":{"line":5,"column":28}},"4":{"start":{"line":6,"column":0},"end":{"line":6,"column":31}},"5":{"start":{"line":7,"column":0},"end":{"line":7,"column":53}},"6":{"start":{"line":11,"column":52},"end":{"line":11,"column":60}},"7":{"start":{"line":12,"column":8},"end":{"line":14,"column":9}},"8":{"start":{"line":13,"column":12},"end":{"line":13,"column":66}},"9":{"start":{"line":15,"column":29},"end":{"line":15,"column":58}},"10":{"start":{"line":16,"column":21},"end":{"line":16,"column":89}},"11":{"start":{"line":17,"column":8},"end":{"line":21,"column":9}},"12":{"start":{"line":18,"column":12},"end":{"line":18,"column":66}},"13":{"start":{"line":20,"column":12},"end":{"line":20,"column":67}},"14":{"start":{"line":25,"column":21},"end":{"line":25,"column":38}},"15":{"start":{"line":26,"column":8},"end":{"line":30,"column":9}},"16":{"start":{"line":27,"column":12},"end":{"line":27,"column":84}},"17":{"start":{"line":29,"column":12},"end":{"line":29,"column":61}},"18":{"start":{"line":33,"column":23},"end":{"line":33,"column":36}},"19":{"start":{"line":34,"column":21},"end":{"line":34,"column":48}},"20":{"start":{"line":35,"column":8},"end":{"line":39,"column":9}},"21":{"start":{"line":36,"column":12},"end":{"line":36,"column":64}},"22":{"start":{"line":38,"column":12},"end":{"line":38,"column":60}},"23":{"start":{"line":43,"column":23},"end":{"line":43,"column":36}},"24":{"start":{"line":44,"column":21},"end":{"line":44,"column":80}},"25":{"start":{"line":45,"column":8},"end":{"line":49,"column":9}},"26":{"start":{"line":46,"column":12},"end":{"line":46,"column":66}},"27":{"start":{"line":48,"column":12},"end":{"line":48,"column":62}},"28":{"start":{"line":53,"column":23},"end":{"line":53,"column":36}},"29":{"start":{"line":54,"column":21},"end":{"line":54,"column":57}},"30":{"start":{"line":55,"column":8},"end":{"line":59,"column":9}},"31":{"start":{"line":56,"column":12},"end":{"line":56,"column":79}},"32":{"start":{"line":58,"column":12},"end":{"line":58,"column":62}},"33":{"start":{"line":63,"column":21},"end":{"line":63,"column":44}},"34":{"start":{"line":64,"column":8},"end":{"line":68,"column":9}},"35":{"start":{"line":65,"column":12},"end":{"line":65,"column":63}},"36":{"start":{"line":67,"column":12},"end":{"line":67,"column":63}},"37":{"start":{"line":72,"column":36},"end":{"line":72,"column":44}},"38":{"start":{"line":73,"column":26},"end":{"line":73,"column":35}},"39":{"start":{"line":74,"column":8},"end":{"line":97,"column":9}},"40":{"start":{"line":75,"column":12},"end":{"line":77,"column":13}},"41":{"start":{"line":76,"column":16},"end":{"line":76,"column":72}},"42":{"start":{"line":78,"column":25},"end":{"line":78,"column":52}},"43":{"start":{"line":79,"column":12},"end":{"line":93,"column":13}},"44":{"start":{"line":80,"column":16},"end":{"line":80,"column":75}},"45":{"start":{"line":82,"column":40},"end":{"line":82,"column":83}},"46":{"start":{"line":83,"column":16},"end":{"line":92,"column":17}},"47":{"start":{"line":84,"column":20},"end":{"line":84,"column":79}},"48":{"start":{"line":86,"column":34},"end":{"line":86,"column":86}},"49":{"start":{"line":87,"column":20},"end":{"line":91,"column":21}},"50":{"start":{"line":88,"column":24},"end":{"line":88,"column":null}},"51":{"start":{"line":90,"column":24},"end":{"line":90,"column":73}},"52":{"start":{"line":95,"column":12},"end":{"line":95,"column":31}},"53":{"start":{"line":96,"column":12},"end":{"line":96,"column":67}},"54":{"start":{"line":100,"column":0},"end":{"line":100,"column":30}}},"fnMap":{"0":{"name":"(anonymous_8)","decl":{"start":{"line":10,"column":11},"end":{"line":10,"column":17}},"loc":{"start":{"line":10,"column":62},"end":{"line":22,"column":6}}},"1":{"name":"(anonymous_10)","decl":{"start":{"line":24,"column":11},"end":{"line":24,"column":17}},"loc":{"start":{"line":24,"column":62},"end":{"line":31,"column":6}}},"2":{"name":"(anonymous_12)","decl":{"start":{"line":32,"column":11},"end":{"line":32,"column":17}},"loc":{"start":{"line":32,"column":58},"end":{"line":40,"column":null}}},"3":{"name":"(anonymous_14)","decl":{"start":{"line":42,"column":11},"end":{"line":42,"column":17}},"loc":{"start":{"line":42,"column":61},"end":{"line":50,"column":6}}},"4":{"name":"(anonymous_16)","decl":{"start":{"line":52,"column":11},"end":{"line":52,"column":17}},"loc":{"start":{"line":52,"column":61},"end":{"line":60,"column":6}}},"5":{"name":"(anonymous_18)","decl":{"start":{"line":62,"column":11},"end":{"line":62,"column":17}},"loc":{"start":{"line":62,"column":64},"end":{"line":69,"column":6}}},"6":{"name":"(anonymous_20)","decl":{"start":{"line":71,"column":11},"end":{"line":71,"column":17}},"loc":{"start":{"line":71,"column":57},"end":{"line":98,"column":6}}}},"branchMap":{"0":{"loc":{"start":{"line":12,"column":8},"end":{"line":14,"column":9}},"type":"if","locations":[{"start":{"line":12,"column":8},"end":{"line":14,"column":9}}]},"1":{"loc":{"start":{"line":17,"column":8},"end":{"line":21,"column":9}},"type":"if","locations":[{"start":{"line":17,"column":8},"end":{"line":21,"column":9}},{"start":{"line":19,"column":14},"end":{"line":21,"column":9}}]},"2":{"loc":{"start":{"line":26,"column":8},"end":{"line":30,"column":9}},"type":"if","locations":[{"start":{"line":26,"column":8},"end":{"line":30,"column":9}},{"start":{"line":28,"column":13},"end":{"line":30,"column":9}}]},"3":{"loc":{"start":{"line":35,"column":8},"end":{"line":39,"column":9}},"type":"if","locations":[{"start":{"line":35,"column":8},"end":{"line":39,"column":9}},{"start":{"line":37,"column":13},"end":{"line":39,"column":9}}]},"4":{"loc":{"start":{"line":45,"column":8},"end":{"line":49,"column":9}},"type":"if","locations":[{"start":{"line":45,"column":8},"end":{"line":49,"column":9}},{"start":{"line":47,"column":13},"end":{"line":49,"column":9}}]},"5":{"loc":{"start":{"line":55,"column":8},"end":{"line":59,"column":9}},"type":"if","locations":[{"start":{"line":55,"column":8},"end":{"line":59,"column":9}},{"start":{"line":57,"column":13},"end":{"line":59,"column":9}}]},"6":{"loc":{"start":{"line":64,"column":8},"end":{"line":68,"column":9}},"type":"if","locations":[{"start":{"line":64,"column":8},"end":{"line":68,"column":9}},{"start":{"line":66,"column":13},"end":{"line":68,"column":9}}]},"7":{"loc":{"start":{"line":75,"column":12},"end":{"line":77,"column":13}},"type":"if","locations":[{"start":{"line":75,"column":12},"end":{"line":77,"column":13}}]},"8":{"loc":{"start":{"line":79,"column":12},"end":{"line":93,"column":13}},"type":"if","locations":[{"start":{"line":79,"column":12},"end":{"line":93,"column":13}},{"start":{"line":81,"column":17},"end":{"line":93,"column":13}}]},"9":{"loc":{"start":{"line":83,"column":16},"end":{"line":92,"column":17}},"type":"if","locations":[{"start":{"line":83,"column":16},"end":{"line":92,"column":17}},{"start":{"line":85,"column":21},"end":{"line":92,"column":17}}]},"10":{"loc":{"start":{"line":87,"column":20},"end":{"line":91,"column":21}},"type":"if","locations":[{"start":{"line":87,"column":20},"end":{"line":91,"column":21}},{"start":{"line":89,"column":25},"end":{"line":91,"column":21}}]}},"s":{"0":1,"1":1,"2":1,"3":1,"4":1,"5":1,"6":2,"7":2,"8":1,"9":1,"10":1,"11":1,"12":1,"13":0,"14":2,"15":2,"16":2,"17":0,"18":0,"19":0,"20":0,"21":0,"22":0,"23":2,"24":2,"25":2,"26":0,"27":2,"28":2,"29":2,"30":2,"31":0,"32":2,"33":2,"34":2,"35":2,"36":0,"37":1,"38":1,"39":1,"40":1,"41":0,"42":1,"43":1,"44":1,"45":0,"46":0,"47":0,"48":0,"49":0,"50":0,"51":0,"52":0,"53":0,"54":1},"f":{"0":2,"1":2,"2":0,"3":2,"4":2,"5":2,"6":1},"b":{"0":[1],"1":[1,0],"2":[2,0],"3":[0,0],"4":[0,2],"5":[0,2],"6":[2,0],"7":[0],"8":[1,0],"9":[0,0],"10":[0,0]}}
,"C:\\Users\\user\\Desktop\\andela projects\\express-ts\\src\\model\\blogs.ts": {"path":"C:\\Users\\user\\Desktop\\andela projects\\express-ts\\src\\model\\blogs.ts","statementMap":{"0":{"start":{"line":1,"column":0},"end":{"line":1,"column":53}},"1":{"start":{"line":10,"column":20},"end":{"line":17,"column":2}},"2":{"start":{"line":18,"column":27},"end":{"line":18,"column":70}},"3":{"start":{"line":19,"column":9},"end":{"line":19,"column":13}}},"fnMap":{},"branchMap":{},"s":{"0":1,"1":1,"2":1,"3":1},"f":{},"b":{}}
,"C:\\Users\\user\\Desktop\\andela projects\\express-ts\\src\\model\\user.ts": {"path":"C:\\Users\\user\\Desktop\\andela projects\\express-ts\\src\\model\\user.ts","statementMap":{"0":{"start":{"line":1,"column":0},"end":{"line":1,"column":32}},"1":{"start":{"line":3,"column":19},"end":{"line":8,"column":2}},"2":{"start":{"line":10,"column":14},"end":{"line":10,"column":56}}},"fnMap":{},"branchMap":{},"s":{"0":1,"1":1,"2":1},"f":{},"b":{}}
,"C:\\Users\\user\\Desktop\\andela projects\\express-ts\\src\\utils\\errorMessage.ts": {"path":"C:\\Users\\user\\Desktop\\andela projects\\express-ts\\src\\utils\\errorMessage.ts","statementMap":{"0":{"start":{"line":3,"column":21},"end":{"line":7,"column":1}},"1":{"start":{"line":4,"column":4},"end":{"line":6,"column":7}},"2":{"start":{"line":9,"column":8},"end":{"line":9,"column":20}}},"fnMap":{"0":{"name":"(anonymous_0)","decl":{"start":{"line":3,"column":21},"end":{"line":3,"column":22}},"loc":{"start":{"line":3,"column":77},"end":{"line":7,"column":1}}}},"branchMap":{},"s":{"0":1,"1":8,"2":1},"f":{"0":8},"b":{}}
,"C:\\Users\\user\\Desktop\\andela projects\\express-ts\\src\\utils\\loginMessage.ts": {"path":"C:\\Users\\user\\Desktop\\andela projects\\express-ts\\src\\utils\\loginMessage.ts","statementMap":{"0":{"start":{"line":3,"column":21},"end":{"line":9,"column":1}},"1":{"start":{"line":4,"column":4},"end":{"line":8,"column":7}},"2":{"start":{"line":11,"column":8},"end":{"line":11,"column":20}}},"fnMap":{"0":{"name":"(anonymous_0)","decl":{"start":{"line":3,"column":21},"end":{"line":3,"column":22}},"loc":{"start":{"line":3,"column":103},"end":{"line":9,"column":1}}}},"branchMap":{},"s":{"0":1,"1":0,"2":1},"f":{"0":0},"b":{}}
,"C:\\Users\\user\\Desktop\\andela projects\\express-ts\\src\\utils\\successMessage.ts": {"path":"C:\\Users\\user\\Desktop\\andela projects\\express-ts\\src\\utils\\successMessage.ts","statementMap":{"0":{"start":{"line":3,"column":23},"end":{"line":8,"column":1}},"1":{"start":{"line":4,"column":4},"end":{"line":7,"column":7}},"2":{"start":{"line":10,"column":8},"end":{"line":10,"column":22}}},"fnMap":{"0":{"name":"(anonymous_0)","decl":{"start":{"line":3,"column":23},"end":{"line":3,"column":24}},"loc":{"start":{"line":3,"column":90},"end":{"line":8,"column":1}}}},"branchMap":{},"s":{"0":1,"1":3,"2":1},"f":{"0":3},"b":{}}
}
