TN:
SF:dist\server.js
FN:2,(anonymous_0)
FN:21,(anonymous_1)
FNF:2
FNH:2
FNDA:7,(anonymous_0)
FNDA:1,(anonymous_1)
DA:2,1
DA:3,7
DA:5,1
DA:6,1
DA:7,1
DA:8,1
DA:9,1
DA:10,1
DA:11,1
DA:12,1
DA:13,1
DA:14,1
DA:17,1
DA:18,1
DA:19,1
DA:20,1
DA:21,1
DA:22,1
DA:24,1
DA:25,1
LF:20
LH:20
BRDA:2,0,0,1
BRDA:2,0,1,1
BRDA:2,0,2,1
BRDA:3,1,0,2
BRDA:3,1,1,5
BRDA:3,2,0,7
BRDA:3,2,1,7
BRF:7
BRH:7
end_of_record
TN:
SF:dist\controllers\blogsControllers.js
FN:2,(anonymous_0)
FN:3,adopt
FN:3,(anonymous_2)
FN:4,(anonymous_3)
FN:5,fulfilled
FN:6,rejected
FN:7,step
FN:16,(anonymous_7)
FN:17,(anonymous_8)
FN:28,(anonymous_9)
FN:29,(anonymous_10)
FN:39,(anonymous_11)
FN:40,(anonymous_12)
FN:51,(anonymous_13)
FN:52,(anonymous_14)
FN:63,(anonymous_15)
FN:64,(anonymous_16)
FN:75,(anonymous_17)
FN:76,(anonymous_18)
FNF:19
FNH:8
FNDA:1,(anonymous_0)
FNDA:1,adopt
FNDA:1,(anonymous_2)
FNDA:1,(anonymous_3)
FNDA:1,fulfilled
FNDA:0,rejected
FNDA:2,step
FNDA:0,(anonymous_7)
FNDA:0,(anonymous_8)
FNDA:1,(anonymous_9)
FNDA:1,(anonymous_10)
FNDA:0,(anonymous_11)
FNDA:0,(anonymous_12)
FNDA:0,(anonymous_13)
FNDA:0,(anonymous_14)
FNDA:0,(anonymous_15)
FNDA:0,(anonymous_16)
FNDA:0,(anonymous_17)
FNDA:0,(anonymous_18)
DA:2,1
DA:3,1
DA:4,1
DA:5,1
DA:6,0
DA:7,2
DA:8,1
DA:11,1
DA:12,1
DA:13,1
DA:14,1
DA:17,0
DA:18,0
DA:19,0
DA:20,0
DA:21,0
DA:24,0
DA:29,1
DA:30,1
DA:31,1
DA:32,1
DA:35,0
DA:40,0
DA:41,0
DA:42,0
DA:43,0
DA:44,0
DA:47,0
DA:52,0
DA:53,0
DA:54,0
DA:55,0
DA:56,0
DA:59,0
DA:64,0
DA:65,0
DA:66,0
DA:67,0
DA:68,0
DA:71,0
DA:76,0
DA:77,0
DA:78,0
DA:79,0
DA:82,0
DA:87,1
LF:46
LH:15
BRDA:2,0,0,1
BRDA:2,0,1,1
BRDA:2,0,2,1
BRDA:3,1,0,0
BRDA:3,1,1,1
BRDA:4,2,0,1
BRDA:4,2,1,1
BRDA:7,3,0,1
BRDA:7,3,1,1
BRDA:8,4,0,1
BRDA:8,4,1,1
BRDA:20,5,0,0
BRDA:20,5,1,0
BRDA:31,6,0,1
BRDA:31,6,1,0
BRDA:43,7,0,0
BRDA:43,7,1,0
BRDA:55,8,0,0
BRDA:55,8,1,0
BRDA:67,9,0,0
BRDA:67,9,1,0
BRDA:78,10,0,0
BRDA:78,10,1,0
BRF:23
BRH:11
end_of_record
TN:
SF:dist\controllers\userControllers.js
FN:2,(anonymous_0)
FN:3,adopt
FN:3,(anonymous_2)
FN:4,(anonymous_3)
FN:5,fulfilled
FN:6,rejected
FN:7,step
FN:11,(anonymous_7)
FN:22,(anonymous_8)
FN:23,(anonymous_9)
FN:38,(anonymous_10)
FN:39,(anonymous_11)
FN:49,(anonymous_12)
FN:50,(anonymous_13)
FN:61,(anonymous_14)
FN:62,(anonymous_15)
FN:73,(anonymous_16)
FN:74,(anonymous_17)
FN:85,(anonymous_18)
FN:86,(anonymous_19)
FN:96,(anonymous_20)
FN:97,(anonymous_21)
FNF:22
FNH:11
FNDA:2,(anonymous_0)
FNDA:1,adopt
FNDA:1,(anonymous_2)
FNDA:2,(anonymous_3)
FNDA:1,fulfilled
FNDA:0,rejected
FNDA:3,step
FNDA:2,(anonymous_7)
FNDA:1,(anonymous_8)
FNDA:1,(anonymous_9)
FNDA:0,(anonymous_10)
FNDA:0,(anonymous_11)
FNDA:0,(anonymous_12)
FNDA:0,(anonymous_13)
FNDA:0,(anonymous_14)
FNDA:0,(anonymous_15)
FNDA:0,(anonymous_16)
FNDA:0,(anonymous_17)
FNDA:0,(anonymous_18)
FNDA:0,(anonymous_19)
FNDA:1,(anonymous_20)
FNDA:1,(anonymous_21)
DA:2,1
DA:3,1
DA:4,2
DA:5,1
DA:6,0
DA:7,3
DA:8,2
DA:11,1
DA:12,2
DA:14,1
DA:15,1
DA:16,1
DA:17,1
DA:18,1
DA:19,1
DA:20,1
DA:23,1
DA:24,1
DA:25,1
DA:26,1
DA:28,0
DA:29,0
DA:30,0
DA:31,0
DA:34,0
DA:39,0
DA:40,0
DA:41,0
DA:42,0
DA:45,0
DA:50,0
DA:51,0
DA:52,0
DA:53,0
DA:54,0
DA:57,0
DA:62,0
DA:63,0
DA:64,0
DA:65,0
DA:66,0
DA:69,0
DA:74,0
DA:75,0
DA:76,0
DA:77,0
DA:78,0
DA:81,0
DA:86,0
DA:87,0
DA:88,0
DA:89,0
DA:92,0
DA:97,1
DA:98,1
DA:99,1
DA:100,1
DA:101,1
DA:102,0
DA:104,1
DA:105,1
DA:106,1
DA:109,0
DA:110,0
DA:111,0
DA:114,0
DA:115,0
DA:116,0
DA:119,0
DA:125,0
DA:126,0
DA:131,1
LF:72
LH:28
BRDA:2,0,0,1
BRDA:2,0,1,1
BRDA:2,0,2,1
BRDA:3,1,0,0
BRDA:3,1,1,1
BRDA:4,2,0,2
BRDA:4,2,1,2
BRDA:7,3,0,2
BRDA:7,3,1,1
BRDA:8,4,0,2
BRDA:8,4,1,2
BRDA:11,5,0,1
BRDA:11,5,1,1
BRDA:11,5,2,1
BRDA:12,6,0,0
BRDA:12,6,1,2
BRDA:12,7,0,2
BRDA:12,7,1,2
BRDA:25,8,0,1
BRDA:25,8,1,0
BRDA:30,9,0,0
BRDA:30,9,1,0
BRDA:41,10,0,0
BRDA:41,10,1,0
BRDA:53,11,0,0
BRDA:53,11,1,0
BRDA:65,12,0,0
BRDA:65,12,1,0
BRDA:77,13,0,0
BRDA:77,13,1,0
BRDA:88,14,0,0
BRDA:88,14,1,0
BRDA:101,15,0,0
BRDA:101,15,1,1
BRDA:105,16,0,1
BRDA:105,16,1,0
BRDA:110,17,0,0
BRDA:110,17,1,0
BRDA:115,18,0,0
BRDA:115,18,1,0
BRF:40
BRH:19
end_of_record
TN:
SF:dist\middlewares\blogsMiddlewares.js
FN:2,(anonymous_0)
FNF:1
FNH:1
FNDA:4,(anonymous_0)
DA:2,1
DA:3,4
DA:5,1
DA:6,1
DA:7,1
DA:8,1
DA:9,1
DA:10,1
DA:11,1
DA:12,1
DA:13,1
LF:11
LH:11
BRDA:2,0,0,1
BRDA:2,0,1,1
BRDA:2,0,2,1
BRDA:3,1,0,2
BRDA:3,1,1,2
BRDA:3,2,0,4
BRDA:3,2,1,4
BRF:7
BRH:7
end_of_record
TN:
SF:dist\middlewares\datachecker.js
FN:2,(anonymous_0)
FN:3,adopt
FN:3,(anonymous_2)
FN:4,(anonymous_3)
FN:5,fulfilled
FN:6,rejected
FN:7,step
FN:16,(anonymous_7)
FN:17,(anonymous_8)
FN:33,(anonymous_9)
FN:34,(anonymous_10)
FNF:11
FNH:10
FNDA:2,(anonymous_0)
FNDA:1,adopt
FNDA:1,(anonymous_2)
FNDA:2,(anonymous_3)
FNDA:1,fulfilled
FNDA:0,rejected
FNDA:3,step
FNDA:1,(anonymous_7)
FNDA:1,(anonymous_8)
FNDA:1,(anonymous_9)
FNDA:1,(anonymous_10)
DA:2,1
DA:3,1
DA:4,2
DA:5,1
DA:6,0
DA:7,3
DA:8,2
DA:11,1
DA:12,1
DA:13,1
DA:14,1
DA:17,1
DA:18,1
DA:19,1
DA:20,0
DA:22,1
DA:23,0
DA:25,1
DA:26,0
DA:29,1
DA:34,1
DA:35,1
DA:36,1
DA:37,1
DA:38,0
DA:41,1
DA:46,1
LF:27
LH:22
BRDA:2,0,0,1
BRDA:2,0,1,1
BRDA:2,0,2,1
BRDA:3,1,0,0
BRDA:3,1,1,1
BRDA:4,2,0,2
BRDA:4,2,1,2
BRDA:7,3,0,2
BRDA:7,3,1,1
BRDA:8,4,0,2
BRDA:8,4,1,2
BRDA:19,5,0,0
BRDA:19,5,1,1
BRDA:22,6,0,0
BRDA:22,6,1,1
BRDA:25,7,0,0
BRDA:25,7,1,1
BRDA:37,8,0,0
BRDA:37,8,1,1
BRF:19
BRH:14
end_of_record
TN:
SF:dist\middlewares\verifyAccess.js
FN:2,(anonymous_0)
FN:6,(anonymous_1)
FN:9,(anonymous_2)
FN:13,(anonymous_3)
FN:15,(anonymous_4)
FN:18,(anonymous_5)
FN:28,(anonymous_6)
FN:29,(anonymous_7)
FNF:8
FNH:4
FNDA:6,(anonymous_0)
FNDA:0,(anonymous_1)
FNDA:0,(anonymous_2)
FNDA:1,(anonymous_3)
FNDA:0,(anonymous_4)
FNDA:1,(anonymous_5)
FNDA:1,(anonymous_6)
FNDA:0,(anonymous_7)
DA:2,1
DA:3,6
DA:4,6
DA:5,6
DA:6,6
DA:8,6
DA:10,0
DA:11,0
DA:13,1
DA:14,1
DA:16,0
DA:18,1
DA:19,1
DA:20,1
DA:21,6
DA:22,1
DA:23,1
DA:25,1
DA:26,1
DA:27,1
DA:28,1
DA:29,1
DA:30,0
DA:31,0
DA:32,0
DA:34,0
DA:35,0
DA:36,0
DA:38,0
DA:39,0
DA:40,0
DA:41,0
DA:42,0
DA:45,0
DA:49,0
DA:50,0
DA:52,0
DA:53,0
DA:55,0
DA:59,1
LF:40
LH:20
BRDA:2,0,0,1
BRDA:2,0,1,1
BRDA:2,0,2,1
BRDA:2,1,0,1
BRDA:2,1,1,0
BRDA:3,2,0,6
BRDA:3,2,1,0
BRDA:5,3,0,6
BRDA:5,3,1,0
BRDA:5,4,0,6
BRDA:5,4,1,6
BRDA:5,5,0,0
BRDA:5,5,1,6
BRDA:5,6,0,6
BRDA:5,6,1,0
BRDA:10,7,0,0
BRDA:10,7,1,0
BRDA:13,8,0,1
BRDA:13,8,1,1
BRDA:13,8,2,1
BRDA:13,9,0,1
BRDA:13,9,1,0
BRDA:18,10,0,1
BRDA:18,10,1,1
BRDA:18,10,2,1
BRDA:19,11,0,0
BRDA:19,11,1,1
BRDA:19,12,0,1
BRDA:19,12,1,1
BRDA:21,13,0,1
BRDA:21,13,1,0
BRDA:21,14,0,6
BRDA:21,14,1,0
BRDA:21,15,0,6
BRDA:21,15,1,6
BRDA:31,16,0,0
BRDA:31,16,1,0
BRDA:31,17,0,0
BRDA:31,17,1,0
BRDA:35,18,0,0
BRDA:35,18,1,0
BRDA:41,19,0,0
BRDA:41,19,1,0
BRDA:49,20,0,0
BRDA:49,20,1,0
BRDA:52,21,0,0
BRDA:52,21,1,0
BRF:47
BRH:24
end_of_record
TN:
SF:dist\model\blogs.js
FN:2,(anonymous_0)
FNF:1
FNH:1
FNDA:1,(anonymous_0)
DA:2,1
DA:3,1
DA:5,1
DA:6,1
DA:7,1
DA:8,1
DA:16,1
DA:17,1
LF:8
LH:8
BRDA:2,0,0,1
BRDA:2,0,1,1
BRDA:2,0,2,1
BRDA:3,1,0,0
BRDA:3,1,1,1
BRDA:3,2,0,1
BRDA:3,2,1,1
BRF:7
BRH:6
end_of_record
TN:
SF:dist\model\user.js
FN:2,(anonymous_0)
FNF:1
FNH:1
FNDA:1,(anonymous_0)
DA:2,1
DA:3,1
DA:5,1
DA:6,1
DA:7,1
DA:8,1
DA:14,1
DA:15,1
LF:8
LH:8
BRDA:2,0,0,1
BRDA:2,0,1,1
BRDA:2,0,2,1
BRDA:3,1,0,0
BRDA:3,1,1,1
BRDA:3,2,0,1
BRDA:3,2,1,1
BRF:7
BRH:6
end_of_record
TN:
SF:dist\routes\blogsRoutes.js
FN:2,(anonymous_0)
FNF:1
FNH:1
FNDA:4,(anonymous_0)
DA:2,1
DA:3,4
DA:5,1
DA:6,1
DA:7,1
DA:8,1
DA:9,1
DA:10,1
DA:11,1
DA:12,1
DA:13,1
DA:14,1
DA:15,1
DA:16,1
DA:17,1
LF:15
LH:15
BRDA:2,0,0,1
BRDA:2,0,1,1
BRDA:2,0,2,1
BRDA:3,1,0,3
BRDA:3,1,1,1
BRDA:3,2,0,4
BRDA:3,2,1,4
BRF:7
BRH:7
end_of_record
TN:
SF:dist\routes\userRoutes.js
FN:2,(anonymous_0)
FNF:1
FNH:1
FNDA:2,(anonymous_0)
DA:2,1
DA:3,2
DA:5,1
DA:6,1
DA:7,1
DA:8,1
DA:9,1
DA:10,1
DA:11,1
DA:12,1
DA:13,1
DA:14,1
DA:15,1
DA:16,1
DA:17,1
LF:15
LH:15
BRDA:2,0,0,1
BRDA:2,0,1,1
BRDA:2,0,2,1
BRDA:3,1,0,1
BRDA:3,1,1,1
BRDA:3,2,0,2
BRDA:3,2,1,2
BRF:7
BRH:7
end_of_record
TN:
SF:dist\utils\errorMessage.js
FN:4,(anonymous_0)
FNF:1
FNH:1
FNDA:2,(anonymous_0)
DA:2,1
DA:3,1
DA:4,1
DA:5,2
DA:9,1
LF:5
LH:5
BRF:0
BRH:0
end_of_record
TN:
SF:dist\utils\loginMessage.js
FN:4,(anonymous_0)
FNF:1
FNH:0
FNDA:0,(anonymous_0)
DA:2,1
DA:3,1
DA:4,1
DA:5,0
DA:11,1
LF:5
LH:4
BRF:0
BRH:0
end_of_record
TN:
SF:dist\utils\successMessage.js
FN:4,(anonymous_0)
FNF:1
FNH:1
FNDA:1,(anonymous_0)
DA:2,1
DA:3,1
DA:4,1
DA:5,1
DA:10,1
LF:5
LH:5
BRF:0
BRH:0
end_of_record
TN:
SF:src\server.ts
FN:20,(anonymous_1)
FNF:1
FNH:1
FNDA:1,(anonymous_1)
DA:1,1
DA:4,1
DA:5,1
DA:6,1
DA:7,1
DA:10,1
DA:12,1
DA:16,1
DA:17,1
DA:18,1
DA:20,1
DA:21,1
DA:25,1
LF:13
LH:13
BRF:0
BRH:0
end_of_record
